<?xml version="1.0" encoding="UTF-8"?>
<testng-results skipped="0" failed="0" ignored="0" total="1" passed="1">
  <reporter-output>
  </reporter-output>
  <suite name="Command line suite" duration-ms="65" started-at="2019-05-06T08:35:22Z" finished-at="2019-05-06T08:35:22Z">
    <groups>
    </groups>
    <test name="Command line test" duration-ms="65" started-at="2019-05-06T08:35:22Z" finished-at="2019-05-06T08:35:22Z">
      <class name="com.maven.project.AppTest">
        <test-method status="PASS" signature="testApp()[pri:0, instance:testApp(com.maven.project.AppTest)]" name="testApp" duration-ms="6" started-at="2019-05-06T08:35:22Z" finished-at="2019-05-06T08:35:22Z">
          <reporter-output>
          </reporter-output>
        </test-method> <!-- testApp -->
      </class> <!-- com.maven.project.AppTest -->
    </test> <!-- Command line test -->
  </suite> <!-- Command line suite -->
</testng-results>
